<?xml version="1.0" encoding="UTF-8"?>
<testng-results skipped="0" failed="0" ignored="0" total="1" passed="1">
  <reporter-output>
  </reporter-output>
  <suite name="Default suite" duration-ms="2891" started-at="2017-10-31T09:55:08Z" finished-at="2017-10-31T09:55:11Z">
    <groups>
    </groups>
    <test name="Default test" duration-ms="2891" started-at="2017-10-31T09:55:08Z" finished-at="2017-10-31T09:55:11Z">
      <class name="winium.NotepadTest">
        <test-method status="PASS" signature="test()[pri:0, instance:winium.NotepadTest@cb5822]" name="test" duration-ms="2878" started-at="2017-10-31T11:55:08Z" finished-at="2017-10-31T11:55:11Z">
          <reporter-output>
          </reporter-output>
        </test-method> <!-- test -->
      </class> <!-- winium.NotepadTest -->
    </test> <!-- Default test -->
  </suite> <!-- Default suite -->
</testng-results>
